# JRE version: Java(TM) SE Runtime Environment (8.0_201-b09) (build 1.8.0_201-b09)
# Java VM: Java HotSpot(TM) 64-Bit Server VM (25.201-b09 mixed mode windows-amd64 compressed oops)
Heap:
 PSYoungGen      total 38400K, used 5435K [0x00000000d5780000, 0x00000000d8200000, 0x0000000100000000)
  eden space 33280K, 8% used [0x00000000d5780000,0x00000000d5a225d0,0x00000000d7800000)
  from space 5120K, 53% used [0x00000000d7d00000,0x00000000d7fac9e0,0x00000000d8200000)
  to   space 5120K, 0% used [0x00000000d7800000,0x00000000d7800000,0x00000000d7d00000)
 ParOldGen       total 87552K, used 16K [0x0000000080600000, 0x0000000085b80000, 0x00000000d5780000)
  object space 87552K, 0% used [0x0000000080600000,0x0000000080604000,0x0000000085b80000)
 Metaspace       used 7919K, capacity 8180K, committed 8320K, reserved 1056768K
  class space    used 954K, capacity 1025K, committed 1152K, reserved 1048576K
GC Heap History (4 events):
Event: 1.580 GC heap before
{Heap before GC invocations=1 (full 0):
 PSYoungGen      total 38400K, used 33273K [0x00000000d5780000, 0x00000000d8200000, 0x0000000100000000)
  eden space 33280K, 99% used [0x00000000d5780000,0x00000000d77fe428,0x00000000d7800000)
  from space 5120K, 0% used [0x00000000d7d00000,0x00000000d7d00000,0x00000000d8200000)
  to   space 5120K, 0% used [0x00000000d7800000,0x00000000d7800000,0x00000000d7d00000)
 ParOldGen       total 87552K, used 0K [0x0000000080600000, 0x0000000085b80000, 0x00000000d5780000)
  object space 87552K, 0% used [0x0000000080600000,0x0000000080600000,0x0000000085b80000)
 Metaspace       used 7072K, capacity 7284K, committed 7552K, reserved 1056768K
  class space    used 829K, capacity 880K, committed 896K, reserved 1048576K
Event: 1.585 GC heap after
Heap after GC invocations=1 (full 0):
 PSYoungGen      total 38400K, used 3781K [0x00000000d5780000, 0x00000000d8200000, 0x0000000100000000)
  eden space 33280K, 0% used [0x00000000d5780000,0x00000000d5780000,0x00000000d7800000)
  from space 5120K, 73% used [0x00000000d7800000,0x00000000d7bb14b8,0x00000000d7d00000)
  to   space 5120K, 0% used [0x00000000d7d00000,0x00000000d7d00000,0x00000000d8200000)
 ParOldGen       total 87552K, used 8K [0x0000000080600000, 0x0000000085b80000, 0x00000000d5780000)
  object space 87552K, 0% used [0x0000000080600000,0x0000000080602000,0x0000000085b80000)
 Metaspace       used 7072K, capacity 7284K, committed 7552K, reserved 1056768K
  class space    used 829K, capacity 880K, committed 896K, reserved 1048576K
}
Event: 1.750 GC heap before
{Heap before GC invocations=2 (full 0):
 PSYoungGen      total 38400K, used 37061K [0x00000000d5780000, 0x00000000d8200000, 0x0000000100000000)
  eden space 33280K, 100% used [0x00000000d5780000,0x00000000d7800000,0x00000000d7800000)
  from space 5120K, 73% used [0x00000000d7800000,0x00000000d7bb14b8,0x00000000d7d00000)
  to   space 5120K, 0% used [0x00000000d7d00000,0x00000000d7d00000,0x00000000d8200000)
 ParOldGen       total 87552K, used 8K [0x0000000080600000, 0x0000000085b80000, 0x00000000d5780000)
  object space 87552K, 0% used [0x0000000080600000,0x0000000080602000,0x0000000085b80000)
 Metaspace       used 7295K, capacity 7576K, committed 7680K, reserved 1056768K
  class space    used 861K, capacity 953K, committed 1024K, reserved 1048576K
Event: 1.761 GC heap after
Heap after GC invocations=2 (full 0):
 PSYoungGen      total 38400K, used 2738K [0x00000000d5780000, 0x00000000d8200000, 0x0000000100000000)
  eden space 33280K, 0% used [0x00000000d5780000,0x00000000d5780000,0x00000000d7800000)
  from space 5120K, 53% used [0x00000000d7d00000,0x00000000d7fac9e0,0x00000000d8200000)
  to   space 5120K, 0% used [0x00000000d7800000,0x00000000d7800000,0x00000000d7d00000)
 ParOldGen       total 87552K, used 16K [0x0000000080600000, 0x0000000085b80000, 0x00000000d5780000)
  object space 87552K, 0% used [0x0000000080600000,0x0000000080604000,0x0000000085b80000)
 Metaspace       used 7295K, capacity 7576K, committed 7680K, reserved 1056768K
  class space    used 861K, capacity 953K, committed 1024K, reserved 1048576K
}

